[2025-04-09 15:42:14] local.ERROR: Route [login] not defined. {"exception":"[object] (Symfony\\Component\\Routing\\Exception\\RouteNotFoundException(code: 0): Route [login] not defined. at E:\\ITT SURABAYA\\EIA\\Praktikum\\API 1\\restful-api-1\\vendor\\laravel\\framework\\src\\Illuminate\\Routing\\UrlGenerator.php:477)
[stacktrace]
#0 E:\\ITT SURABAYA\\EIA\\Praktikum\\API 1\\restful-api-1\\vendor\\laravel\\framework\\src\\Illuminate\\Foundation\\helpers.php(811): Illuminate\\Routing\\UrlGenerator->route()
#1 E:\\ITT SURABAYA\\EIA\\Praktikum\\API 1\\restful-api-1\\app\\Http\\Middleware\\Authenticate.php(15): route()
#2 E:\\ITT SURABAYA\\EIA\\Praktikum\\API 1\\restful-api-1\\vendor\\laravel\\framework\\src\\Illuminate\\Auth\\Middleware\\Authenticate.php(96): App\\Http\\Middleware\\Authenticate->redirectTo()
#3 E:\\ITT SURABAYA\\EIA\\Praktikum\\API 1\\restful-api-1\\vendor\\laravel\\framework\\src\\Illuminate\\Auth\\Middleware\\Authenticate.php(81): Illuminate\\Auth\\Middleware\\Authenticate->unauthenticated()
#4 E:\\ITT SURABAYA\\EIA\\Praktikum\\API 1\\restful-api-1\\vendor\\laravel\\framework\\src\\Illuminate\\Auth\\Middleware\\Authenticate.php(55): Illuminate\\Auth\\Middleware\\Authenticate->authenticate()
#5 E:\\ITT SURABAYA\\EIA\\Praktikum\\API 1\\restful-api-1\\vendor\\laravel\\framework\\src\\Illuminate\\Pipeline\\Pipeline.php(183): Illuminate\\Auth\\Middleware\\Authenticate->handle()
#6 E:\\ITT SURABAYA\\EIA\\Praktikum\\API 1\\restful-api-1\\vendor\\laravel\\framework\\src\\Illuminate\\Pipeline\\Pipeline.php(119): Illuminate\\Pipeline\\Pipeline->Illuminate\\Pipeline\\{closure}()
#7 E:\\ITT SURABAYA\\EIA\\Praktikum\\API 1\\restful-api-1\\vendor\\laravel\\framework\\src\\Illuminate\\Routing\\Router.php(805): Illuminate\\Pipeline\\Pipeline->then()
#8 E:\\ITT SURABAYA\\EIA\\Praktikum\\API 1\\restful-api-1\\vendor\\laravel\\framework\\src\\Illuminate\\Routing\\Router.php(784): Illuminate\\Routing\\Router->runRouteWithinStack()
#9 E:\\ITT SURABAYA\\EIA\\Praktikum\\API 1\\restful-api-1\\vendor\\laravel\\framework\\src\\Illuminate\\Routing\\Router.php(748): Illuminate\\Routing\\Router->runRoute()
#10 E:\\ITT SURABAYA\\EIA\\Praktikum\\API 1\\restful-api-1\\vendor\\laravel\\framework\\src\\Illuminate\\Routing\\Router.php(737): Illuminate\\Routing\\Router->dispatchToRoute()
#11 E:\\ITT SURABAYA\\EIA\\Praktikum\\API 1\\restful-api-1\\vendor\\laravel\\framework\\src\\Illuminate\\Foundation\\Http\\Kernel.php(200): Illuminate\\Routing\\Router->dispatch()
#12 E:\\ITT SURABAYA\\EIA\\Praktikum\\API 1\\restful-api-1\\vendor\\laravel\\framework\\src\\Illuminate\\Pipeline\\Pipeline.php(144): Illuminate\\Foundation\\Http\\Kernel->Illuminate\\Foundation\\Http\\{closure}()
#13 E:\\ITT SURABAYA\\EIA\\Praktikum\\API 1\\restful-api-1\\vendor\\laravel\\framework\\src\\Illuminate\\Foundation\\Http\\Middleware\\TransformsRequest.php(21): Illuminate\\Pipeline\\Pipeline->Illuminate\\Pipeline\\{closure}()
#14 E:\\ITT SURABAYA\\EIA\\Praktikum\\API 1\\restful-api-1\\vendor\\laravel\\framework\\src\\Illuminate\\Foundation\\Http\\Middleware\\ConvertEmptyStringsToNull.php(31): Illuminate\\Foundation\\Http\\Middleware\\TransformsRequest->handle()
#15 E:\\ITT SURABAYA\\EIA\\Praktikum\\API 1\\restful-api-1\\vendor\\laravel\\framework\\src\\Illuminate\\Pipeline\\Pipeline.php(183): Illuminate\\Foundation\\Http\\Middleware\\ConvertEmptyStringsToNull->handle()
#16 E:\\ITT SURABAYA\\EIA\\Praktikum\\API 1\\restful-api-1\\vendor\\laravel\\framework\\src\\Illuminate\\Foundation\\Http\\Middleware\\TransformsRequest.php(21): Illuminate\\Pipeline\\Pipeline->Illuminate\\Pipeline\\{closure}()
#17 E:\\ITT SURABAYA\\EIA\\Praktikum\\API 1\\restful-api-1\\vendor\\laravel\\framework\\src\\Illuminate\\Foundation\\Http\\Middleware\\TrimStrings.php(40): Illuminate\\Foundation\\Http\\Middleware\\TransformsRequest->handle()
#18 E:\\ITT SURABAYA\\EIA\\Praktikum\\API 1\\restful-api-1\\vendor\\laravel\\framework\\src\\Illuminate\\Pipeline\\Pipeline.php(183): Illuminate\\Foundation\\Http\\Middleware\\TrimStrings->handle()
#19 E:\\ITT SURABAYA\\EIA\\Praktikum\\API 1\\restful-api-1\\vendor\\laravel\\framework\\src\\Illuminate\\Foundation\\Http\\Middleware\\ValidatePostSize.php(27): Illuminate\\Pipeline\\Pipeline->Illuminate\\Pipeline\\{closure}()
#20 E:\\ITT SURABAYA\\EIA\\Praktikum\\API 1\\restful-api-1\\vendor\\laravel\\framework\\src\\Illuminate\\Pipeline\\Pipeline.php(183): Illuminate\\Foundation\\Http\\Middleware\\ValidatePostSize->handle()
#21 E:\\ITT SURABAYA\\EIA\\Praktikum\\API 1\\restful-api-1\\vendor\\laravel\\framework\\src\\Illuminate\\Foundation\\Http\\Middleware\\PreventRequestsDuringMaintenance.php(99): Illuminate\\Pipeline\\Pipeline->Illuminate\\Pipeline\\{closure}()
#22 E:\\ITT SURABAYA\\EIA\\Praktikum\\API 1\\restful-api-1\\vendor\\laravel\\framework\\src\\Illuminate\\Pipeline\\Pipeline.php(183): Illuminate\\Foundation\\Http\\Middleware\\PreventRequestsDuringMaintenance->handle()
#23 E:\\ITT SURABAYA\\EIA\\Praktikum\\API 1\\restful-api-1\\vendor\\laravel\\framework\\src\\Illuminate\\Http\\Middleware\\HandleCors.php(62): Illuminate\\Pipeline\\Pipeline->Illuminate\\Pipeline\\{closure}()
#24 E:\\ITT SURABAYA\\EIA\\Praktikum\\API 1\\restful-api-1\\vendor\\laravel\\framework\\src\\Illuminate\\Pipeline\\Pipeline.php(183): Illuminate\\Http\\Middleware\\HandleCors->handle()
#25 E:\\ITT SURABAYA\\EIA\\Praktikum\\API 1\\restful-api-1\\vendor\\laravel\\framework\\src\\Illuminate\\Http\\Middleware\\TrustProxies.php(39): Illuminate\\Pipeline\\Pipeline->Illuminate\\Pipeline\\{closure}()
#26 E:\\ITT SURABAYA\\EIA\\Praktikum\\API 1\\restful-api-1\\vendor\\laravel\\framework\\src\\Illuminate\\Pipeline\\Pipeline.php(183): Illuminate\\Http\\Middleware\\TrustProxies->handle()
#27 E:\\ITT SURABAYA\\EIA\\Praktikum\\API 1\\restful-api-1\\vendor\\laravel\\framework\\src\\Illuminate\\Pipeline\\Pipeline.php(119): Illuminate\\Pipeline\\Pipeline->Illuminate\\Pipeline\\{closure}()
#28 E:\\ITT SURABAYA\\EIA\\Praktikum\\API 1\\restful-api-1\\vendor\\laravel\\framework\\src\\Illuminate\\Foundation\\Http\\Kernel.php(175): Illuminate\\Pipeline\\Pipeline->then()
#29 E:\\ITT SURABAYA\\EIA\\Praktikum\\API 1\\restful-api-1\\vendor\\laravel\\framework\\src\\Illuminate\\Foundation\\Http\\Kernel.php(144): Illuminate\\Foundation\\Http\\Kernel->sendRequestThroughRouter()
#30 E:\\ITT SURABAYA\\EIA\\Praktikum\\API 1\\restful-api-1\\public\\index.php(51): Illuminate\\Foundation\\Http\\Kernel->handle()
#31 E:\\ITT SURABAYA\\EIA\\Praktikum\\API 1\\restful-api-1\\vendor\\laravel\\framework\\src\\Illuminate\\Foundation\\resources\\server.php(16): require_once('...')
#32 {main}
"} 
[2025-04-09 15:43:51] local.ERROR: Route [login] not defined. {"exception":"[object] (Symfony\\Component\\Routing\\Exception\\RouteNotFoundException(code: 0): Route [login] not defined. at E:\\ITT SURABAYA\\EIA\\Praktikum\\API 1\\restful-api-1\\vendor\\laravel\\framework\\src\\Illuminate\\Routing\\UrlGenerator.php:477)
[stacktrace]
#0 E:\\ITT SURABAYA\\EIA\\Praktikum\\API 1\\restful-api-1\\vendor\\laravel\\framework\\src\\Illuminate\\Foundation\\helpers.php(811): Illuminate\\Routing\\UrlGenerator->route()
#1 E:\\ITT SURABAYA\\EIA\\Praktikum\\API 1\\restful-api-1\\app\\Http\\Middleware\\Authenticate.php(15): route()
#2 E:\\ITT SURABAYA\\EIA\\Praktikum\\API 1\\restful-api-1\\vendor\\laravel\\framework\\src\\Illuminate\\Auth\\Middleware\\Authenticate.php(96): App\\Http\\Middleware\\Authenticate->redirectTo()
#3 E:\\ITT SURABAYA\\EIA\\Praktikum\\API 1\\restful-api-1\\vendor\\laravel\\framework\\src\\Illuminate\\Auth\\Middleware\\Authenticate.php(81): Illuminate\\Auth\\Middleware\\Authenticate->unauthenticated()
#4 E:\\ITT SURABAYA\\EIA\\Praktikum\\API 1\\restful-api-1\\vendor\\laravel\\framework\\src\\Illuminate\\Auth\\Middleware\\Authenticate.php(55): Illuminate\\Auth\\Middleware\\Authenticate->authenticate()
#5 E:\\ITT SURABAYA\\EIA\\Praktikum\\API 1\\restful-api-1\\vendor\\laravel\\framework\\src\\Illuminate\\Pipeline\\Pipeline.php(183): Illuminate\\Auth\\Middleware\\Authenticate->handle()
#6 E:\\ITT SURABAYA\\EIA\\Praktikum\\API 1\\restful-api-1\\vendor\\laravel\\framework\\src\\Illuminate\\Pipeline\\Pipeline.php(119): Illuminate\\Pipeline\\Pipeline->Illuminate\\Pipeline\\{closure}()
#7 E:\\ITT SURABAYA\\EIA\\Praktikum\\API 1\\restful-api-1\\vendor\\laravel\\framework\\src\\Illuminate\\Routing\\Router.php(805): Illuminate\\Pipeline\\Pipeline->then()
#8 E:\\ITT SURABAYA\\EIA\\Praktikum\\API 1\\restful-api-1\\vendor\\laravel\\framework\\src\\Illuminate\\Routing\\Router.php(784): Illuminate\\Routing\\Router->runRouteWithinStack()
#9 E:\\ITT SURABAYA\\EIA\\Praktikum\\API 1\\restful-api-1\\vendor\\laravel\\framework\\src\\Illuminate\\Routing\\Router.php(748): Illuminate\\Routing\\Router->runRoute()
#10 E:\\ITT SURABAYA\\EIA\\Praktikum\\API 1\\restful-api-1\\vendor\\laravel\\framework\\src\\Illuminate\\Routing\\Router.php(737): Illuminate\\Routing\\Router->dispatchToRoute()
#11 E:\\ITT SURABAYA\\EIA\\Praktikum\\API 1\\restful-api-1\\vendor\\laravel\\framework\\src\\Illuminate\\Foundation\\Http\\Kernel.php(200): Illuminate\\Routing\\Router->dispatch()
#12 E:\\ITT SURABAYA\\EIA\\Praktikum\\API 1\\restful-api-1\\vendor\\laravel\\framework\\src\\Illuminate\\Pipeline\\Pipeline.php(144): Illuminate\\Foundation\\Http\\Kernel->Illuminate\\Foundation\\Http\\{closure}()
#13 E:\\ITT SURABAYA\\EIA\\Praktikum\\API 1\\restful-api-1\\vendor\\laravel\\framework\\src\\Illuminate\\Foundation\\Http\\Middleware\\TransformsRequest.php(21): Illuminate\\Pipeline\\Pipeline->Illuminate\\Pipeline\\{closure}()
#14 E:\\ITT SURABAYA\\EIA\\Praktikum\\API 1\\restful-api-1\\vendor\\laravel\\framework\\src\\Illuminate\\Foundation\\Http\\Middleware\\ConvertEmptyStringsToNull.php(31): Illuminate\\Foundation\\Http\\Middleware\\TransformsRequest->handle()
#15 E:\\ITT SURABAYA\\EIA\\Praktikum\\API 1\\restful-api-1\\vendor\\laravel\\framework\\src\\Illuminate\\Pipeline\\Pipeline.php(183): Illuminate\\Foundation\\Http\\Middleware\\ConvertEmptyStringsToNull->handle()
#16 E:\\ITT SURABAYA\\EIA\\Praktikum\\API 1\\restful-api-1\\vendor\\laravel\\framework\\src\\Illuminate\\Foundation\\Http\\Middleware\\TransformsRequest.php(21): Illuminate\\Pipeline\\Pipeline->Illuminate\\Pipeline\\{closure}()
#17 E:\\ITT SURABAYA\\EIA\\Praktikum\\API 1\\restful-api-1\\vendor\\laravel\\framework\\src\\Illuminate\\Foundation\\Http\\Middleware\\TrimStrings.php(40): Illuminate\\Foundation\\Http\\Middleware\\TransformsRequest->handle()
#18 E:\\ITT SURABAYA\\EIA\\Praktikum\\API 1\\restful-api-1\\vendor\\laravel\\framework\\src\\Illuminate\\Pipeline\\Pipeline.php(183): Illuminate\\Foundation\\Http\\Middleware\\TrimStrings->handle()
#19 E:\\ITT SURABAYA\\EIA\\Praktikum\\API 1\\restful-api-1\\vendor\\laravel\\framework\\src\\Illuminate\\Foundation\\Http\\Middleware\\ValidatePostSize.php(27): Illuminate\\Pipeline\\Pipeline->Illuminate\\Pipeline\\{closure}()
#20 E:\\ITT SURABAYA\\EIA\\Praktikum\\API 1\\restful-api-1\\vendor\\laravel\\framework\\src\\Illuminate\\Pipeline\\Pipeline.php(183): Illuminate\\Foundation\\Http\\Middleware\\ValidatePostSize->handle()
#21 E:\\ITT SURABAYA\\EIA\\Praktikum\\API 1\\restful-api-1\\vendor\\laravel\\framework\\src\\Illuminate\\Foundation\\Http\\Middleware\\PreventRequestsDuringMaintenance.php(99): Illuminate\\Pipeline\\Pipeline->Illuminate\\Pipeline\\{closure}()
#22 E:\\ITT SURABAYA\\EIA\\Praktikum\\API 1\\restful-api-1\\vendor\\laravel\\framework\\src\\Illuminate\\Pipeline\\Pipeline.php(183): Illuminate\\Foundation\\Http\\Middleware\\PreventRequestsDuringMaintenance->handle()
#23 E:\\ITT SURABAYA\\EIA\\Praktikum\\API 1\\restful-api-1\\vendor\\laravel\\framework\\src\\Illuminate\\Http\\Middleware\\HandleCors.php(62): Illuminate\\Pipeline\\Pipeline->Illuminate\\Pipeline\\{closure}()
#24 E:\\ITT SURABAYA\\EIA\\Praktikum\\API 1\\restful-api-1\\vendor\\laravel\\framework\\src\\Illuminate\\Pipeline\\Pipeline.php(183): Illuminate\\Http\\Middleware\\HandleCors->handle()
#25 E:\\ITT SURABAYA\\EIA\\Praktikum\\API 1\\restful-api-1\\vendor\\laravel\\framework\\src\\Illuminate\\Http\\Middleware\\TrustProxies.php(39): Illuminate\\Pipeline\\Pipeline->Illuminate\\Pipeline\\{closure}()
#26 E:\\ITT SURABAYA\\EIA\\Praktikum\\API 1\\restful-api-1\\vendor\\laravel\\framework\\src\\Illuminate\\Pipeline\\Pipeline.php(183): Illuminate\\Http\\Middleware\\TrustProxies->handle()
#27 E:\\ITT SURABAYA\\EIA\\Praktikum\\API 1\\restful-api-1\\vendor\\laravel\\framework\\src\\Illuminate\\Pipeline\\Pipeline.php(119): Illuminate\\Pipeline\\Pipeline->Illuminate\\Pipeline\\{closure}()
#28 E:\\ITT SURABAYA\\EIA\\Praktikum\\API 1\\restful-api-1\\vendor\\laravel\\framework\\src\\Illuminate\\Foundation\\Http\\Kernel.php(175): Illuminate\\Pipeline\\Pipeline->then()
#29 E:\\ITT SURABAYA\\EIA\\Praktikum\\API 1\\restful-api-1\\vendor\\laravel\\framework\\src\\Illuminate\\Foundation\\Http\\Kernel.php(144): Illuminate\\Foundation\\Http\\Kernel->sendRequestThroughRouter()
#30 E:\\ITT SURABAYA\\EIA\\Praktikum\\API 1\\restful-api-1\\public\\index.php(51): Illuminate\\Foundation\\Http\\Kernel->handle()
#31 E:\\ITT SURABAYA\\EIA\\Praktikum\\API 1\\restful-api-1\\vendor\\laravel\\framework\\src\\Illuminate\\Foundation\\resources\\server.php(16): require_once('...')
#32 {main}
"} 
